==31639== Memcheck, a memory error detector
==31639== Copyright (C) 2002-2012, and GNU GPL'd, by Julian Seward et al.
==31639== Using Valgrind-3.8.1 and LibVEX; rerun with -h for copyright info
==31639== Command: ./pe13 test/wiki1.txt
==31639== Parent PID: 31638
==31639== 
--31639-- 
--31639-- Valgrind options:
--31639--    --tool=memcheck
--31639--    --verbose
--31639--    --log-file=expected/valgrind.log
--31639-- Contents of /proc/version:
--31639--   Linux version 2.6.32-696.23.1.el6.x86_64 (mockbuild@x86-027.build.eng.bos.redhat.com) (gcc version 4.4.7 20120313 (Red Hat 4.4.7-18) (GCC) ) #1 SMP Sat Feb 10 11:10:31 EST 2018
--31639-- Arch and hwcaps: AMD64, amd64-sse3-cx16
--31639-- Page sizes: currently 4096, max supported 4096
--31639-- Valgrind library directory: /usr/lib64/valgrind
--31639-- Reading syms from /home/min/a/chawla9/2018Spring/AssignmentSolution/2018Spring/HW13/pe13
--31639-- Reading syms from /usr/lib64/valgrind/memcheck-amd64-linux
--31639--    object doesn't have a dynamic symbol table
--31639-- Reading syms from /lib64/ld-2.12.so
--31639--   Considering /usr/lib/debug/.build-id/1c/c2165e019d43f71fde0a47af9f4c8eb5e51963.debug ..
--31639--   .. build-id is valid
--31639-- Scheduler: using generic scheduler lock implementation.
--31639-- Reading suppressions file: /usr/lib64/valgrind/default.supp
==31639== embedded gdbserver: reading from /tmp/vgdb-pipe-from-vgdb-to-31639-by-chawla9-on-ecegrid-thin1.ecn.purdue.edu
==31639== embedded gdbserver: writing to   /tmp/vgdb-pipe-to-vgdb-from-31639-by-chawla9-on-ecegrid-thin1.ecn.purdue.edu
==31639== embedded gdbserver: shared mem   /tmp/vgdb-pipe-shared-mem-vgdb-31639-by-chawla9-on-ecegrid-thin1.ecn.purdue.edu
==31639== 
==31639== TO CONTROL THIS PROCESS USING vgdb (which you probably
==31639== don't want to do, unless you know exactly what you're doing,
==31639== or are doing some strange experiment):
==31639==   /usr/lib64/valgrind/../../bin/vgdb --pid=31639 ...command...
==31639== 
==31639== TO DEBUG THIS PROCESS USING GDB: start GDB like this
==31639==   /path/to/gdb ./pe13
==31639== and then give GDB the following command
==31639==   target remote | /usr/lib64/valgrind/../../bin/vgdb --pid=31639
==31639== --pid is optional if only one valgrind process is running
==31639== 
--31639-- REDIR: 0x30fe417f90 (strlen) redirected to 0x38049551 (vgPlain_amd64_linux_REDIR_FOR_strlen)
--31639-- Reading syms from /usr/lib64/valgrind/vgpreload_core-amd64-linux.so
--31639-- Reading syms from /usr/lib64/valgrind/vgpreload_memcheck-amd64-linux.so
--31639-- REDIR: 0x30fe417da0 (index) redirected to 0x4a07c30 (index)
--31639-- REDIR: 0x30fe417e20 (strcmp) redirected to 0x4a08570 (strcmp)
--31639-- Reading syms from /lib64/libc-2.12.so
--31639--   Considering /usr/lib/debug/.build-id/8a/7e7404a2335231be759cb54f8041344cac0c1b.debug ..
--31639--   .. build-id is valid
--31639-- REDIR: 0x30fe884d10 (strcasecmp) redirected to 0x480155c (_vgnU_ifunc_wrapper)
--31639-- REDIR: 0x30fe886fd0 (strncasecmp) redirected to 0x480155c (_vgnU_ifunc_wrapper)
--31639-- REDIR: 0x30fe882c80 (__GI_strrchr) redirected to 0x4a07ab0 (__GI_strrchr)
--31639-- REDIR: 0x30fe87aa50 (malloc) redirected to 0x4a069ac (malloc)
--31639-- REDIR: 0x30fe87b8b0 (free) redirected to 0x4a063a9 (free)
--31639-- REDIR: 0x30fe883390 (memchr) redirected to 0x4a08610 (memchr)
--31639-- REDIR: 0x30fe8896b0 (memcpy) redirected to 0x4a08b60 (memcpy)
--31639-- REDIR: 0x30fe88aae0 (__GI___rawmemchr) redirected to 0x4a0a000 (__GI___rawmemchr)
--31639-- REDIR: 0x30fe88ab30 (strchrnul) redirected to 0x4a09fb0 (strchrnul)
==31639== 
==31639== HEAP SUMMARY:
==31639==     in use at exit: 0 bytes in 0 blocks
==31639==   total heap usage: 3 allocs, 3 frees, 3,184 bytes allocated
==31639== 
==31639== All heap blocks were freed -- no leaks are possible
==31639== 
==31639== ERROR SUMMARY: 0 errors from 0 contexts (suppressed: 8 from 6)
--31639-- 
--31639-- used_suppression:      4 U1004-ARM-_dl_relocate_object
--31639-- used_suppression:      4 glibc-2.5.x-on-SUSE-10.2-(PPC)-2a
==31639== 
==31639== ERROR SUMMARY: 0 errors from 0 contexts (suppressed: 8 from 6)
