==20708== Memcheck, a memory error detector
==20708== Copyright (C) 2002-2012, and GNU GPL'd, by Julian Seward et al.
==20708== Using Valgrind-3.8.1 and LibVEX; rerun with -h for copyright info
==20708== Command: ./pa15 23 50 expected/expected7.bin
==20708== Parent PID: 20694
==20708== 
--20708-- 
--20708-- Valgrind options:
--20708--    --tool=memcheck
--20708--    --verbose
--20708--    --leak-check=full
--20708--    --log-file=expected/valgrind.log
--20708-- Contents of /proc/version:
--20708--   Linux version 2.6.32-696.23.1.el6.x86_64 (mockbuild@x86-027.build.eng.bos.redhat.com) (gcc version 4.4.7 20120313 (Red Hat 4.4.7-18) (GCC) ) #1 SMP Sat Feb 10 11:10:31 EST 2018
--20708-- Arch and hwcaps: AMD64, amd64-sse3-cx16
--20708-- Page sizes: currently 4096, max supported 4096
--20708-- Valgrind library directory: /usr/lib64/valgrind
--20708-- Reading syms from /home/min/a/chawla9/2018Spring/AssignmentSolution/2018Spring/HW15/pa15
--20708-- Reading syms from /usr/lib64/valgrind/memcheck-amd64-linux
--20708--    object doesn't have a dynamic symbol table
--20708-- Reading syms from /lib64/ld-2.12.so
--20708--   Considering /usr/lib/debug/.build-id/1c/c2165e019d43f71fde0a47af9f4c8eb5e51963.debug ..
--20708--   .. build-id is valid
--20708-- Scheduler: using generic scheduler lock implementation.
--20708-- Reading suppressions file: /usr/lib64/valgrind/default.supp
==20708== embedded gdbserver: reading from /tmp/vgdb-pipe-from-vgdb-to-20708-by-chawla9-on-ecegrid-thin1.ecn.purdue.edu
==20708== embedded gdbserver: writing to   /tmp/vgdb-pipe-to-vgdb-from-20708-by-chawla9-on-ecegrid-thin1.ecn.purdue.edu
==20708== embedded gdbserver: shared mem   /tmp/vgdb-pipe-shared-mem-vgdb-20708-by-chawla9-on-ecegrid-thin1.ecn.purdue.edu
==20708== 
==20708== TO CONTROL THIS PROCESS USING vgdb (which you probably
==20708== don't want to do, unless you know exactly what you're doing,
==20708== or are doing some strange experiment):
==20708==   /usr/lib64/valgrind/../../bin/vgdb --pid=20708 ...command...
==20708== 
==20708== TO DEBUG THIS PROCESS USING GDB: start GDB like this
==20708==   /path/to/gdb ./pa15
==20708== and then give GDB the following command
==20708==   target remote | /usr/lib64/valgrind/../../bin/vgdb --pid=20708
==20708== --pid is optional if only one valgrind process is running
==20708== 
--20708-- REDIR: 0x30fe417f90 (strlen) redirected to 0x38049551 (vgPlain_amd64_linux_REDIR_FOR_strlen)
--20708-- Reading syms from /usr/lib64/valgrind/vgpreload_core-amd64-linux.so
--20708-- Reading syms from /usr/lib64/valgrind/vgpreload_memcheck-amd64-linux.so
--20708-- REDIR: 0x30fe417da0 (index) redirected to 0x4a07c30 (index)
--20708-- REDIR: 0x30fe417e20 (strcmp) redirected to 0x4a08570 (strcmp)
--20708-- Reading syms from /lib64/libc-2.12.so
--20708--   Considering /usr/lib/debug/.build-id/8a/7e7404a2335231be759cb54f8041344cac0c1b.debug ..
--20708--   .. build-id is valid
--20708-- REDIR: 0x30fe884d10 (strcasecmp) redirected to 0x480155c (_vgnU_ifunc_wrapper)
--20708-- REDIR: 0x30fe886fd0 (strncasecmp) redirected to 0x480155c (_vgnU_ifunc_wrapper)
--20708-- REDIR: 0x30fe882c80 (__GI_strrchr) redirected to 0x4a07ab0 (__GI_strrchr)
--20708-- REDIR: 0x30fe87aa50 (malloc) redirected to 0x4a069ac (malloc)
--20708-- REDIR: 0x30fe884540 (mempcpy) redirected to 0x4a0a020 (mempcpy)
--20708-- REDIR: 0x30fe8896b0 (memcpy) redirected to 0x4a08b60 (memcpy)
--20708-- REDIR: 0x30fe87b8b0 (free) redirected to 0x4a063a9 (free)
--20708-- REDIR: 0x30fe8811a0 (__GI_strlen) redirected to 0x4a07fb0 (__GI_strlen)
--20708-- REDIR: 0x30fe88ab30 (strchrnul) redirected to 0x4a09fb0 (strchrnul)
--20708-- REDIR: 0x30fe881280 (strnlen) redirected to 0x4a07f30 (strnlen)
--20708-- REDIR: 0xffffffffff600000 (???) redirected to 0x38049533 (vgPlain_amd64_linux_REDIR_FOR_vgettimeofday)
==20708== 
==20708== HEAP SUMMARY:
==20708==     in use at exit: 0 bytes in 0 blocks
==20708==   total heap usage: 72 allocs, 72 frees, 2,557 bytes allocated
==20708== 
==20708== All heap blocks were freed -- no leaks are possible
==20708== 
==20708== ERROR SUMMARY: 0 errors from 0 contexts (suppressed: 8 from 6)
--20708-- 
--20708-- used_suppression:      4 U1004-ARM-_dl_relocate_object
--20708-- used_suppression:      4 glibc-2.5.x-on-SUSE-10.2-(PPC)-2a
==20708== 
==20708== ERROR SUMMARY: 0 errors from 0 contexts (suppressed: 8 from 6)
